[12544:10580:0120/183356.439:WARNING:chrome_main_delegate.cc(745)] This is Chrome version 128.0.6613.138 (not a warning)
[12544:8452:0120/183356.476:ERROR:google_update_settings.cc(265)] Failed opening key Software\Chromium to set usagestats; result: 5
[12544:10580:0120/183356.490:WARNING:account_consistency_mode_manager.cc(77)] Desktop Identity Consistency cannot be enabled as no OAuth client ID and client secret have been configured.
[12544:10580:0120/183359.712:WARNING:external_registry_loader_win.cc(232)] Error observing HKLM: 5
[4912:13328:0120/183404.733:ERROR:ssl_client_socket_impl.cc(882)] handshake failed; returned -1, SSL error code 1, net_error -101
[4912:13328:0120/183405.028:ERROR:ssl_client_socket_impl.cc(882)] handshake failed; returned -1, SSL error code 1, net_error -101
[11920:12908:0120/183405.696:WARNING:frame_impl.cc(430)] virtual CefFrameImpl::SendProcessMessage sent to detached frame 5-1A945FF2895981A6F1C769A918B7FFE7 will be ignored
[12544:3560:0120/183406.167:WARNING:browser_info.cc(345)] Returning a speculative frame for [8,9]
[12544:10580:0120/183407.378:WARNING:browser_info.cc(345)] Returning a speculative frame for [9,9]
[12544:10580:0120/183407.378:WARNING:browser_info.cc(345)] Returning a speculative frame for [9,9]
[12544:10580:0120/183407.378:WARNING:browser_info.cc(345)] Returning a speculative frame for [9,9]
[12544:10580:0120/183407.378:WARNING:browser_info.cc(345)] Returning a speculative frame for [9,9]
[12544:3560:0120/183407.383:WARNING:browser_info.cc(345)] Returning a speculative frame for [9,9]
[4912:13328:0120/183411.538:ERROR:ssl_client_socket_impl.cc(882)] handshake failed; returned -1, SSL error code 1, net_error -101
[4912:13328:0120/183416.552:ERROR:ssl_client_socket_impl.cc(882)] handshake failed; returned -1, SSL error code 1, net_error -101
[4912:13328:0120/183504.750:ERROR:ssl_client_socket_impl.cc(882)] handshake failed; returned -1, SSL error code 1, net_error -101
[4912:13328:0120/183619.284:ERROR:ssl_client_socket_impl.cc(882)] handshake failed; returned -1, SSL error code 1, net_error -101
[4912:13328:0120/183806.834:ERROR:ssl_client_socket_impl.cc(882)] handshake failed; returned -1, SSL error code 1, net_error -101
[4912:13328:0120/184505.658:ERROR:ssl_client_socket_impl.cc(882)] handshake failed; returned -1, SSL error code 1, net_error -101
[4912:13328:0120/184510.665:ERROR:ssl_client_socket_impl.cc(882)] handshake failed; returned -1, SSL error code 1, net_error -101
[12044:1164:0120/193651.201:WARNING:chrome_main_delegate.cc(745)] This is Chrome version 128.0.6613.138 (not a warning)
[12044:3996:0120/193651.253:ERROR:google_update_settings.cc(265)] Failed opening key Software\Chromium to set usagestats; result: 5
[12044:1164:0120/193651.282:WARNING:account_consistency_mode_manager.cc(77)] Desktop Identity Consistency cannot be enabled as no OAuth client ID and client secret have been configured.
[12044:1164:0120/193657.589:WARNING:external_registry_loader_win.cc(232)] Error observing HKLM: 5
[6352:11936:0120/193701.950:WARNING:frame_impl.cc(430)] virtual CefFrameImpl::SendProcessMessage sent to detached frame 5-2A770E74E10491E09584A7B761CDD0C6 will be ignored
[12044:4940:0120/193703.630:WARNING:browser_info.cc(345)] Returning a speculative frame for [8,9]
[12044:1164:0120/193703.950:WARNING:browser_info.cc(345)] Returning a speculative frame for [9,9]
[12044:1164:0120/193703.950:WARNING:browser_info.cc(345)] Returning a speculative frame for [9,9]
[12044:1164:0120/193703.950:WARNING:browser_info.cc(345)] Returning a speculative frame for [9,9]
[12044:1164:0120/193703.950:WARNING:browser_info.cc(345)] Returning a speculative frame for [9,9]
[12044:4940:0120/193703.958:WARNING:browser_info.cc(345)] Returning a speculative frame for [9,9]
[9180:9132:0120/193711.397:WARNING:sqlite_persistent_store_backend_base.cc(198)] Failed to post task from LoadNelPoliciesAndNotifyInBackground@net\extras\sqlite\sqlite_persistent_reporting_and_nel_store.cc:1325 to client_task_runner_.
[12044:1164:0120/193711.465:WARNING:pref_notifier_impl.cc(41)] Pref observer for media_router.cast_allow_all_ips found at shutdown.
[3020:7436:0120/193711.583:ERROR:command_buffer_proxy_impl.cc(325)] GPU state invalid after WaitForGetOffsetInRange.
